yarn run v1.22.19
$ yarn build-images && yarn patch-package && storybook build --output-dir /var/folders/mc/lnh_k9x923x7ycn2r80pzw340000gn/T/chromatic--5323-AqXk27DPgzbP
$ yarn svgr --out-dir src/images src/images
$ /Users/shadhin/Documents/GitHub/design-system/node_modules/.bin/svgr --out-dir src/images src/images
src/images/chrome.svg -> src/images/Chrome.tsx
src/images/firefox.svg -> src/images/Firefox.tsx
src/images/ie.svg -> src/images/Ie.tsx
src/images/safari.svg -> src/images/Safari.tsx
src/images/colored-icons/FastForward.svg -> src/images/colored-icons/FastForward.tsx
src/images/colored-icons/accessibility.svg -> src/images/colored-icons/Accessibility.tsx
src/images/colored-icons/Redo.svg -> src/images/colored-icons/Redo.tsx
src/images/colored-icons/assign.svg -> src/images/colored-icons/Assign.tsx
src/images/colored-icons/bell.svg -> src/images/colored-icons/Bell.tsx
src/images/colored-icons/boxmodel.svg -> src/images/colored-icons/Boxmodel.tsx
src/images/colored-icons/branch.svg -> src/images/colored-icons/Branch.tsx
src/images/colored-icons/catalog.svg -> src/images/colored-icons/Catalog.tsx
src/images/colored-icons/browsers.svg -> src/images/colored-icons/Browsers.tsx
src/images/colored-icons/code-brackets.svg -> src/images/colored-icons/CodeBrackets.tsx
src/images/colored-icons/code.svg -> src/images/colored-icons/Code.tsx
src/images/colored-icons/bug.svg -> src/images/colored-icons/Bug.tsx
src/images/colored-icons/check.svg -> src/images/colored-icons/Check.tsx
src/images/colored-icons/components.svg -> src/images/colored-icons/Components.tsx
src/images/colored-icons/custom-addon.svg -> src/images/colored-icons/CustomAddon.tsx
src/images/colored-icons/comments.svg -> src/images/colored-icons/Comments.tsx
src/images/colored-icons/detect.svg -> src/images/colored-icons/Detect.tsx
src/images/colored-icons/delete.svg -> src/images/colored-icons/Delete.tsx
src/images/colored-icons/document.svg -> src/images/colored-icons/Document.tsx
src/images/colored-icons/direction.svg -> src/images/colored-icons/Direction.tsx
src/images/colored-icons/document-alt.svg -> src/images/colored-icons/DocumentAlt.tsx
src/images/colored-icons/email.svg -> src/images/colored-icons/Email.tsx
src/images/colored-icons/error.svg -> src/images/colored-icons/Error.tsx
src/images/colored-icons/eye.svg -> src/images/colored-icons/Eye.tsx
src/images/colored-icons/colors.svg -> src/images/colored-icons/Colors.tsx
src/images/colored-icons/group.svg -> src/images/colored-icons/Group.tsx
src/images/colored-icons/interact.svg -> src/images/colored-icons/Interact.tsx
src/images/colored-icons/ignore.svg -> src/images/colored-icons/Ignore.tsx
src/images/colored-icons/interface.svg -> src/images/colored-icons/Interface.tsx
src/images/colored-icons/key.svg -> src/images/colored-icons/Key.tsx
src/images/colored-icons/flow.svg -> src/images/colored-icons/Flow.tsx
src/images/colored-icons/knob.svg -> src/images/colored-icons/Knob.tsx
src/images/colored-icons/lightning.svg -> src/images/colored-icons/Lightning.tsx
src/images/colored-icons/overlap.svg -> src/images/colored-icons/Overlap.tsx
src/images/colored-icons/link.svg -> src/images/colored-icons/Link.tsx
src/images/colored-icons/pixel.svg -> src/images/colored-icons/Pixel.tsx
src/images/colored-icons/plus.svg -> src/images/colored-icons/Plus.tsx
src/images/colored-icons/projects.svg -> src/images/colored-icons/Projects.tsx
src/images/colored-icons/repo.svg -> src/images/colored-icons/Repo.tsx
src/images/colored-icons/review.svg -> src/images/colored-icons/Review.tsx
src/images/colored-icons/rewind.svg -> src/images/colored-icons/Rewind.tsx
src/images/colored-icons/runtest.svg -> src/images/colored-icons/Runtest.tsx
src/images/colored-icons/plugin.svg -> src/images/colored-icons/Plugin.tsx
src/images/colored-icons/stoplight.svg -> src/images/colored-icons/Stoplight.tsx
src/images/colored-icons/scale.svg -> src/images/colored-icons/Scale.tsx
src/images/colored-icons/shield.svg -> src/images/colored-icons/Shield.tsx
src/images/colored-icons/stack.svg -> src/images/colored-icons/Stack.tsx
src/images/colored-icons/testflake.svg -> src/images/colored-icons/Testflake.tsx
src/images/colored-icons/soc2.svg -> src/images/colored-icons/Soc2.tsx
src/images/colored-icons/search.svg -> src/images/colored-icons/Search.tsx
src/images/colored-icons/testpyramid.svg -> src/images/colored-icons/Testpyramid.tsx
src/images/colored-icons/turbo.svg -> src/images/colored-icons/Turbo.tsx
src/images/colored-icons/undo.svg -> src/images/colored-icons/Undo.tsx
src/images/colored-icons/text.svg -> src/images/colored-icons/Text.tsx
src/images/colored-icons/unignore.svg -> src/images/colored-icons/Unignore.tsx
src/images/logos/chromatic.svg -> src/images/logos/Chromatic.tsx
src/images/logos/chromatic-inverted.svg -> src/images/logos/ChromaticInverted.tsx
src/images/logos/circleci.svg -> src/images/logos/Circleci.tsx
src/images/colored-icons/update.svg -> src/images/colored-icons/Update.tsx
src/images/logos/storybook-icon.svg -> src/images/logos/StorybookIcon.tsx
src/images/logos/netlify.svg -> src/images/logos/Netlify.tsx
src/images/logos/storybook-inverted.svg -> src/images/logos/StorybookInverted.tsx
src/images/logos/storybook-monochrome-inverse.svg -> src/images/logos/StorybookMonochromeInverse.tsx
src/images/logos/storybook-monochrome.svg -> src/images/logos/StorybookMonochrome.tsx
src/images/logos/storybook.svg -> src/images/logos/Storybook.tsx
$ patch-package
patch-package 6.4.7
Applying patches...
@storybook/cli v8.1.1

info => Cleaning outputDir: ../../../../../var/folders/mc/lnh_k9x923x7ycn2r80pzw340000gn/T/chromatic--5323-AqXk27DPgzbP
info => Loading presets
WARN The "@storybook/addon-mdx-gfm" addon is meant as a migration assistant for Storybook 8.0; and will likely be removed in a future version.
WARN It's recommended you read this document:
WARN https://storybook.js.org/docs/writing-docs/mdx#markdown-tables-arent-rendering-correctly
WARN 
WARN Once you've made the necessary changes, you can remove the addon from your package.json and storybook config.
info => Building manager..
info => Manager built (138 ms)
info => Building preview..
info Addon-docs: using MDX3
info => Using implicit CSS loaders
info => Using default Webpack5 setup
info Using tsconfig paths for react-docgen
info => Copying static files: .storybook/static at ../../../../../var/folders/mc/lnh_k9x923x7ycn2r80pzw340000gn/T/chromatic--5323-AqXk27DPgzbP
WARN asset size limit: The following asset(s) exceed the recommended size limit (244 KiB).
WARN This can impact web performance.
WARN Assets: 
WARN   9022.6e7f342f.iframe.bundle.js (500 KiB)
WARN   9115.00ae7b4e.iframe.bundle.js (602 KiB)
WARN   8477.75d5a3de.iframe.bundle.js (265 KiB)
WARN   4409.b221f47a.iframe.bundle.js (443 KiB)
WARN   6562.f1891a07.iframe.bundle.js (855 KiB)
WARN entrypoint size limit: The following entrypoint(s) combined asset size exceeds the recommended limit (244 KiB). This can impact web performance.
WARN Entrypoints:
WARN   main (888 KiB)
WARN       runtime~main.dd917ba2.iframe.bundle.js
WARN       6562.f1891a07.iframe.bundle.js
WARN       main.9a1a7141.iframe.bundle.js
WARN 
info => Preview built (15 s)
info => Output directory: /var/folders/mc/lnh_k9x923x7ycn2r80pzw340000gn/T/chromatic--5323-AqXk27DPgzbP
Done in 21.35s.
